  CEndWord.cpp
  CServer.cpp
  main.cpp
C:\Program Files (x86)\Windows Kits\10\Include\10.0.18362.0\shared\ws2def.h(103,1): warning C4005: 'AF_IPX': 매크로 재정의
C:\Program Files (x86)\Windows Kits\10\Include\10.0.18362.0\um\winsock.h(457): message : 'AF_IPX'의 이전 정의를 참조하십시오.
C:\Program Files (x86)\Windows Kits\10\Include\10.0.18362.0\shared\ws2def.h(147,1): warning C4005: 'AF_MAX': 매크로 재정의
C:\Program Files (x86)\Windows Kits\10\Include\10.0.18362.0\um\winsock.h(476): message : 'AF_MAX'의 이전 정의를 참조하십시오.
C:\Program Files (x86)\Windows Kits\10\Include\10.0.18362.0\shared\ws2def.h(185,1): warning C4005: 'SO_DONTLINGER': 매크로 재정의
C:\Program Files (x86)\Windows Kits\10\Include\10.0.18362.0\um\winsock.h(399): message : 'SO_DONTLINGER'의 이전 정의를 참조하십시오.
C:\Program Files (x86)\Windows Kits\10\Include\10.0.18362.0\shared\ws2def.h(238,25): error C2011: 'sockaddr': 'struct' 형식 재정의
C:\Program Files (x86)\Windows Kits\10\Include\10.0.18362.0\um\winsock.h(1007): message : 'sockaddr' 선언을 참조하십시오.
C:\Program Files (x86)\Windows Kits\10\Include\10.0.18362.0\shared\ws2def.h(440,5): error C2143: 구문 오류: '}'이(가) '상수' 앞에 없습니다.
C:\Program Files (x86)\Windows Kits\10\Include\10.0.18362.0\shared\ws2def.h(440,27): error C2059: 구문 오류: '상수'
C:\Program Files (x86)\Windows Kits\10\Include\10.0.18362.0\shared\ws2def.h(494,1): error C2143: 구문 오류: ';'이(가) '}' 앞에 없습니다.
C:\Program Files (x86)\Windows Kits\10\Include\10.0.18362.0\shared\ws2def.h(494,10): error C4430: 형식 지정자가 없습니다. int로 가정합니다. 참고: C++에서는 기본 int를 지원하지 않습니다.
C:\Program Files (x86)\Windows Kits\10\Include\10.0.18362.0\shared\ws2def.h(494,20): error C4430: 형식 지정자가 없습니다. int로 가정합니다. 참고: C++에서는 기본 int를 지원하지 않습니다.
C:\Program Files (x86)\Windows Kits\10\Include\10.0.18362.0\shared\ws2def.h(575,1): warning C4005: 'IN_CLASSA': 매크로 재정의
C:\Program Files (x86)\Windows Kits\10\Include\10.0.18362.0\um\winsock.h(284): message : 'IN_CLASSA'의 이전 정의를 참조하십시오.
C:\Program Files (x86)\Windows Kits\10\Include\10.0.18362.0\shared\ws2def.h(581,1): warning C4005: 'IN_CLASSB': 매크로 재정의
C:\Program Files (x86)\Windows Kits\10\Include\10.0.18362.0\um\winsock.h(290): message : 'IN_CLASSB'의 이전 정의를 참조하십시오.
C:\Program Files (x86)\Windows Kits\10\Include\10.0.18362.0\shared\ws2def.h(587,1): warning C4005: 'IN_CLASSC': 매크로 재정의
C:\Program Files (x86)\Windows Kits\10\Include\10.0.18362.0\um\winsock.h(296): message : 'IN_CLASSC'의 이전 정의를 참조하십시오.
C:\Program Files (x86)\Windows Kits\10\Include\10.0.18362.0\shared\ws2def.h(598,1): warning C4005: 'INADDR_ANY': 매크로 재정의
C:\Program Files (x86)\Windows Kits\10\Include\10.0.18362.0\um\winsock.h(301): message : 'INADDR_ANY'의 이전 정의를 참조하십시오.
C:\Program Files (x86)\Windows Kits\10\Include\10.0.18362.0\shared\ws2def.h(600,1): warning C4005: 'INADDR_BROADCAST': 매크로 재정의
C:\Program Files (x86)\Windows Kits\10\Include\10.0.18362.0\um\winsock.h(303): message : 'INADDR_BROADCAST'의 이전 정의를 참조하십시오.
C:\Program Files (x86)\Windows Kits\10\Include\10.0.18362.0\shared\ws2def.h(636,28): error C2011: 'sockaddr_in': 'struct' 형식 재정의
C:\Program Files (x86)\Windows Kits\10\Include\10.0.18362.0\um\winsock.h(1011): message : 'sockaddr_in' 선언을 참조하십시오.
C:\Program Files (x86)\Windows Kits\10\Include\10.0.18362.0\um\WinSock2.h(136,23): error C2011: 'fd_set': 'struct' 형식 재정의
C:\Program Files (x86)\Windows Kits\10\Include\10.0.18362.0\um\winsock.h(1019): message : 'fd_set' 선언을 참조하십시오.
C:\Program Files (x86)\Windows Kits\10\Include\10.0.18362.0\um\WinSock2.h(156,1): warning C4005: 'FD_CLR': 매크로 재정의
C:\Program Files (x86)\Windows Kits\10\Include\10.0.18362.0\um\winsock.h(94): message : 'FD_CLR'의 이전 정의를 참조하십시오.
C:\Program Files (x86)\Windows Kits\10\Include\10.0.18362.0\um\WinSock2.h(171,1): warning C4005: 'FD_SET': 매크로 재정의
C:\Program Files (x86)\Windows Kits\10\Include\10.0.18362.0\um\winsock.h(99): message : 'FD_SET'의 이전 정의를 참조하십시오.
C:\Program Files (x86)\Windows Kits\10\Include\10.0.18362.0\um\WinSock2.h(180,16): error C2011: 'timeval': 'struct' 형식 재정의
C:\Program Files (x86)\Windows Kits\10\Include\10.0.18362.0\um\winsock.h(1035): message : 'timeval' 선언을 참조하십시오.
C:\Program Files (x86)\Windows Kits\10\Include\10.0.18362.0\um\WinSock2.h(236,17): error C2011: 'hostent': 'struct' 형식 재정의
C:\Program Files (x86)\Windows Kits\10\Include\10.0.18362.0\um\winsock.h(1023): message : 'hostent' 선언을 참조하십시오.
C:\Program Files (x86)\Windows Kits\10\Include\10.0.18362.0\um\WinSock2.h(249,16): error C2011: 'netent': 'struct' 형식 재정의
C:\Program Files (x86)\Windows Kits\10\Include\10.0.18362.0\um\winsock.h(177): message : 'netent' 선언을 참조하십시오.
C:\Program Files (x86)\Windows Kits\10\Include\10.0.18362.0\um\WinSock2.h(256,17): error C2011: 'servent': 'struct' 형식 재정의
C:\Program Files (x86)\Windows Kits\10\Include\10.0.18362.0\um\winsock.h(1027): message : 'servent' 선언을 참조하십시오.
C:\Program Files (x86)\Windows Kits\10\Include\10.0.18362.0\um\WinSock2.h(268,18): error C2011: 'protoent': 'struct' 형식 재정의
C:\Program Files (x86)\Windows Kits\10\Include\10.0.18362.0\um\winsock.h(1031): message : 'protoent' 선언을 참조하십시오.
C:\Program Files (x86)\Windows Kits\10\Include\10.0.18362.0\um\WinSock2.h(364,24): error C2011: 'WSAData': 'struct' 형식 재정의
C:\Program Files (x86)\Windows Kits\10\Include\10.0.18362.0\um\winsock.h(319): message : 'WSAData' 선언을 참조하십시오.
C:\Program Files (x86)\Windows Kits\10\Include\10.0.18362.0\um\WinSock2.h(462,18): error C2011: 'sockproto': 'struct' 형식 재정의
C:\Program Files (x86)\Windows Kits\10\Include\10.0.18362.0\um\winsock.h(491): message : 'sockproto' 선언을 참조하십시오.
C:\Program Files (x86)\Windows Kits\10\Include\10.0.18362.0\um\WinSock2.h(504,16): error C2011: 'linger': 'struct' 형식 재정의
C:\Program Files (x86)\Windows Kits\10\Include\10.0.18362.0\um\winsock.h(1015): message : 'linger' 선언을 참조하십시오.
C:\Program Files (x86)\Windows Kits\10\Include\10.0.18362.0\um\WinSock2.h(517,1): warning C4005: 'SOMAXCONN': 매크로 재정의
C:\Program Files (x86)\Windows Kits\10\Include\10.0.18362.0\um\winsock.h(541): message : 'SOMAXCONN'의 이전 정의를 참조하십시오.
C:\Program Files (x86)\Windows Kits\10\Include\10.0.18362.0\um\WinSock2.h(552,1): warning C4005: 'FD_READ': 매크로 재정의
C:\Program Files (x86)\Windows Kits\10\Include\10.0.18362.0\um\winsock.h(559): message : 'FD_READ'의 이전 정의를 참조하십시오.
C:\Program Files (x86)\Windows Kits\10\Include\10.0.18362.0\um\WinSock2.h(555,1): warning C4005: 'FD_WRITE': 매크로 재정의
C:\Program Files (x86)\Windows Kits\10\Include\10.0.18362.0\um\winsock.h(560): message : 'FD_WRITE'의 이전 정의를 참조하십시오.
C:\Program Files (x86)\Windows Kits\10\Include\10.0.18362.0\um\WinSock2.h(558,1): warning C4005: 'FD_OOB': 매크로 재정의
C:\Program Files (x86)\Windows Kits\10\Include\10.0.18362.0\um\winsock.h(561): message : 'FD_OOB'의 이전 정의를 참조하십시오.
C:\Program Files (x86)\Windows Kits\10\Include\10.0.18362.0\um\WinSock2.h(561,1): warning C4005: 'FD_ACCEPT': 매크로 재정의
C:\Program Files (x86)\Windows Kits\10\Include\10.0.18362.0\um\winsock.h(562): message : 'FD_ACCEPT'의 이전 정의를 참조하십시오.
C:\Program Files (x86)\Windows Kits\10\Include\10.0.18362.0\um\WinSock2.h(564,1): warning C4005: 'FD_CONNECT': 매크로 재정의
C:\Program Files (x86)\Windows Kits\10\Include\10.0.18362.0\um\winsock.h(563): message : 'FD_CONNECT'의 이전 정의를 참조하십시오.
C:\Program Files (x86)\Windows Kits\10\Include\10.0.18362.0\um\WinSock2.h(567,1): warning C4005: 'FD_CLOSE': 매크로 재정의
C:\Program Files (x86)\Windows Kits\10\Include\10.0.18362.0\um\winsock.h(564): message : 'FD_CLOSE'의 이전 정의를 참조하십시오.
C:\Program Files (x86)\Windows Kits\10\Include\10.0.18362.0\um\WinSock2.h(1625,1): error C2375: 'accept': 재정의. 연결이 다릅니다.
C:\Program Files (x86)\Windows Kits\10\Include\10.0.18362.0\um\winsock.h(739): message : 'accept' 선언을 참조하십시오.
C:\Program Files (x86)\Windows Kits\10\Include\10.0.18362.0\um\WinSock2.h(1647,1): error C2375: 'bind': 재정의. 연결이 다릅니다.
C:\Program Files (x86)\Windows Kits\10\Include\10.0.18362.0\um\winsock.h(744): message : 'bind' 선언을 참조하십시오.
C:\Program Files (x86)\Windows Kits\10\Include\10.0.18362.0\um\WinSock2.h(1668,1): error C2375: 'closesocket': 재정의. 연결이 다릅니다.
C:\Program Files (x86)\Windows Kits\10\Include\10.0.18362.0\um\winsock.h(749): message : 'closesocket' 선언을 참조하십시오.
C:\Program Files (x86)\Windows Kits\10\Include\10.0.18362.0\um\WinSock2.h(1685,1): error C2375: 'connect': 재정의. 연결이 다릅니다.
C:\Program Files (x86)\Windows Kits\10\Include\10.0.18362.0\um\winsock.h(751): message : 'connect' 선언을 참조하십시오.
C:\Program Files (x86)\Windows Kits\10\Include\10.0.18362.0\um\WinSock2.h(1706,1): error C2375: 'ioctlsocket': 재정의. 연결이 다릅니다.
C:\Program Files (x86)\Windows Kits\10\Include\10.0.18362.0\um\winsock.h(756): message : 'ioctlsocket' 선언을 참조하십시오.
C:\Program Files (x86)\Windows Kits\10\Include\10.0.18362.0\um\WinSock2.h(1729,1): error C2375: 'getpeername': 재정의. 연결이 다릅니다.
C:\Program Files (x86)\Windows Kits\10\Include\10.0.18362.0\um\winsock.h(761): message : 'getpeername' 선언을 참조하십시오.
C:\Program Files (x86)\Windows Kits\10\Include\10.0.18362.0\um\WinSock2.h(1750,1): error C2375: 'getsockname': 재정의. 연결이 다릅니다.
C:\Program Files (x86)\Windows Kits\10\Include\10.0.18362.0\um\winsock.h(766): message : 'getsockname' 선언을 참조하십시오.
C:\Program Files (x86)\Windows Kits\10\Include\10.0.18362.0\um\WinSock2.h(1771,1): error C2375: 'getsockopt': 재정의. 연결이 다릅니다.
C:\Program Files (x86)\Windows Kits\10\Include\10.0.18362.0\um\winsock.h(771): message : 'getsockopt' 선언을 참조하십시오.
C:\Program Files (x86)\Windows Kits\10\Include\10.0.18362.0\um\WinSock2.h(1796,1): error C2375: 'htonl': 재정의. 연결이 다릅니다.
C:\Program Files (x86)\Windows Kits\10\Include\10.0.18362.0\um\winsock.h(778): message : 'htonl' 선언을 참조하십시오.
C:\Program Files (x86)\Windows Kits\10\Include\10.0.18362.0\um\WinSock2.h(1813,1): error C2375: 'htons': 재정의. 연결이 다릅니다.
C:\Program Files (x86)\Windows Kits\10\Include\10.0.18362.0\um\winsock.h(780): message : 'htons' 선언을 참조하십시오.
C:\Program Files (x86)\Windows Kits\10\Include\10.0.18362.0\um\WinSock2.h(1831,1): error C2375: 'inet_addr': 재정의. 연결이 다릅니다.
C:\Program Files (x86)\Windows Kits\10\Include\10.0.18362.0\um\winsock.h(782): message : 'inet_addr' 선언을 참조하십시오.
C:\Program Files (x86)\Windows Kits\10\Include\10.0.18362.0\um\WinSock2.h(1849,1): error C2375: 'inet_ntoa': 재정의. 연결이 다릅니다.
C:\Program Files (x86)\Windows Kits\10\Include\10.0.18362.0\um\winsock.h(784): message : 'inet_ntoa' 선언을 참조하십시오.
C:\Program Files (x86)\Windows Kits\10\Include\10.0.18362.0\um\WinSock2.h(1949,1): error C2375: 'listen': 재정의. 연결이 다릅니다.
C:\Program Files (x86)\Windows Kits\10\Include\10.0.18362.0\um\winsock.h(786): message : 'listen' 선언을 참조하십시오.
C:\Program Files (x86)\Windows Kits\10\Include\10.0.18362.0\um\WinSock2.h(1968,1): error C2375: 'ntohl': 재정의. 연결이 다릅니다.
C:\Program Files (x86)\Windows Kits\10\Include\10.0.18362.0\um\winsock.h(790): message : 'ntohl' 선언을 참조하십시오.
C:\Program Files (x86)\Windows Kits\10\Include\10.0.18362.0\um\WinSock2.h(1985,1): error C2375: 'ntohs': 재정의. 연결이 다릅니다.
C:\Program Files (x86)\Windows Kits\10\Include\10.0.18362.0\um\winsock.h(792): message : 'ntohs' 선언을 참조하십시오.
C:\Program Files (x86)\Windows Kits\10\Include\10.0.18362.0\um\WinSock2.h(2002,1): error C2375: 'recv': 재정의. 연결이 다릅니다.
C:\Program Files (x86)\Windows Kits\10\Include\10.0.18362.0\um\winsock.h(794): message : 'recv' 선언을 참조하십시오.
C:\Program Files (x86)\Windows Kits\10\Include\10.0.18362.0\um\WinSock2.h(2025,1): error C2375: 'recvfrom': 재정의. 연결이 다릅니다.
C:\Program Files (x86)\Windows Kits\10\Include\10.0.18362.0\um\winsock.h(800): message : 'recvfrom' 선언을 참조하십시오.
C:\Program Files (x86)\Windows Kits\10\Include\10.0.18362.0\um\WinSock2.h(2052,1): error C2375: 'select': 재정의. 연결이 다릅니다.
C:\Program Files (x86)\Windows Kits\10\Include\10.0.18362.0\um\winsock.h(808): message : 'select' 선언을 참조하십시오.
C:\Program Files (x86)\Windows Kits\10\Include\10.0.18362.0\um\WinSock2.h(2077,1): error C2375: 'send': 재정의. 연결이 다릅니다.
C:\Program Files (x86)\Windows Kits\10\Include\10.0.18362.0\um\winsock.h(815): message : 'send' 선언을 참조하십시오.
C:\Program Files (x86)\Windows Kits\10\Include\10.0.18362.0\um\WinSock2.h(2100,1): error C2375: 'sendto': 재정의. 연결이 다릅니다.
C:\Program Files (x86)\Windows Kits\10\Include\10.0.18362.0\um\winsock.h(821): message : 'sendto' 선언을 참조하십시오.
C:\Program Files (x86)\Windows Kits\10\Include\10.0.18362.0\um\WinSock2.h(2127,1): error C2375: 'setsockopt': 재정의. 연결이 다릅니다.
C:\Program Files (x86)\Windows Kits\10\Include\10.0.18362.0\um\winsock.h(829): message : 'setsockopt' 선언을 참조하십시오.
C:\Program Files (x86)\Windows Kits\10\Include\10.0.18362.0\um\WinSock2.h(2152,1): error C2375: 'shutdown': 재정의. 연결이 다릅니다.
C:\Program Files (x86)\Windows Kits\10\Include\10.0.18362.0\um\winsock.h(836): message : 'shutdown' 선언을 참조하십시오.
C:\Program Files (x86)\Windows Kits\10\Include\10.0.18362.0\um\WinSock2.h(2172,1): error C2375: 'socket': 재정의. 연결이 다릅니다.
C:\Program Files (x86)\Windows Kits\10\Include\10.0.18362.0\um\winsock.h(840): message : 'socket' 선언을 참조하십시오.
C:\Program Files (x86)\Windows Kits\10\Include\10.0.18362.0\um\WinSock2.h(2197,1): error C2375: 'gethostbyaddr': 재정의. 연결이 다릅니다.
C:\Program Files (x86)\Windows Kits\10\Include\10.0.18362.0\um\winsock.h(847): message : 'gethostbyaddr' 선언을 참조하십시오.
C:\Program Files (x86)\Windows Kits\10\Include\10.0.18362.0\um\WinSock2.h(2219,1): error C2375: 'gethostbyname': 재정의. 연결이 다릅니다.
C:\Program Files (x86)\Windows Kits\10\Include\10.0.18362.0\um\winsock.h(852): message : 'gethostbyname' 선언을 참조하십시오.
C:\Program Files (x86)\Windows Kits\10\Include\10.0.18362.0\um\WinSock2.h(2236,1): error C2375: 'gethostname': 재정의. 연결이 다릅니다.
C:\Program Files (x86)\Windows Kits\10\Include\10.0.18362.0\um\winsock.h(854): message : 'gethostname' 선언을 참조하십시오.
C:\Program Files (x86)\Windows Kits\10\Include\10.0.18362.0\um\WinSock2.h(2276,1): error C2375: 'getservbyport': 재정의. 연결이 다릅니다.
C:\Program Files (x86)\Windows Kits\10\Include\10.0.18362.0\um\winsock.h(858): message : 'getservbyport' 선언을 참조하십시오.
C:\Program Files (x86)\Windows Kits\10\Include\10.0.18362.0\um\WinSock2.h(2295,1): error C2375: 'getservbyname': 재정의. 연결이 다릅니다.
C:\Program Files (x86)\Windows Kits\10\Include\10.0.18362.0\um\winsock.h(862): message : 'getservbyname' 선언을 참조하십시오.
C:\Program Files (x86)\Windows Kits\10\Include\10.0.18362.0\um\WinSock2.h(2314,1): error C2375: 'getprotobynumber': 재정의. 연결이 다릅니다.
C:\Program Files (x86)\Windows Kits\10\Include\10.0.18362.0\um\winsock.h(866): message : 'getprotobynumber' 선언을 참조하십시오.
C:\Program Files (x86)\Windows Kits\10\Include\10.0.18362.0\um\WinSock2.h(2331,1): error C2375: 'getprotobyname': 재정의. 연결이 다릅니다.
C:\Program Files (x86)\Windows Kits\10\Include\10.0.18362.0\um\winsock.h(868): message : 'getprotobyname' 선언을 참조하십시오.
C:\Program Files (x86)\Windows Kits\10\Include\10.0.18362.0\um\WinSock2.h(2351,1): error C2375: 'WSAStartup': 재정의. 연결이 다릅니다.
C:\Program Files (x86)\Windows Kits\10\Include\10.0.18362.0\um\winsock.h(872): message : 'WSAStartup' 선언을 참조하십시오.
C:\Program Files (x86)\Windows Kits\10\Include\10.0.18362.0\um\WinSock2.h(2371,1): error C2375: 'WSACleanup': 재정의. 연결이 다릅니다.
C:\Program Files (x86)\Windows Kits\10\Include\10.0.18362.0\um\winsock.h(876): message : 'WSACleanup' 선언을 참조하십시오.
C:\Program Files (x86)\Windows Kits\10\Include\10.0.18362.0\um\WinSock2.h(2388,1): error C2375: 'WSASetLastError': 재정의. 연결이 다릅니다.
C:\Program Files (x86)\Windows Kits\10\Include\10.0.18362.0\um\winsock.h(878): message : 'WSASetLastError' 선언을 참조하십시오.
C:\Program Files (x86)\Windows Kits\10\Include\10.0.18362.0\um\WinSock2.h(2405,1): error C2375: 'WSAGetLastError': 재정의. 연결이 다릅니다.
C:\Program Files (x86)\Windows Kits\10\Include\10.0.18362.0\um\winsock.h(880): message : 'WSAGetLastError' 선언을 참조하십시오.
C:\Program Files (x86)\Windows Kits\10\Include\10.0.18362.0\um\WinSock2.h(2426,1): error C2375: 'WSAIsBlocking': 재정의. 연결이 다릅니다.
C:\Program Files (x86)\Windows Kits\10\Include\10.0.18362.0\um\winsock.h(882): message : 'WSAIsBlocking' 선언을 참조하십시오.
C:\Program Files (x86)\Windows Kits\10\Include\10.0.18362.0\um\WinSock2.h(2444,1): error C2375: 'WSAUnhookBlockingHook': 재정의. 연결이 다릅니다.
C:\Program Files (x86)\Windows Kits\10\Include\10.0.18362.0\um\winsock.h(884): message : 'WSAUnhookBlockingHook' 선언을 참조하십시오.
C:\Program Files (x86)\Windows Kits\10\Include\10.0.18362.0\um\WinSock2.h(2462,1): error C2375: 'WSASetBlockingHook': 재정의. 연결이 다릅니다.
C:\Program Files (x86)\Windows Kits\10\Include\10.0.18362.0\um\winsock.h(886): message : 'WSASetBlockingHook' 선언을 참조하십시오.
C:\Program Files (x86)\Windows Kits\10\Include\10.0.18362.0\um\WinSock2.h(2480,1): error C2375: 'WSACancelBlockingCall': 재정의. 연결이 다릅니다.
C:\Program Files (x86)\Windows Kits\10\Include\10.0.18362.0\um\winsock.h(888): message : 'WSACancelBlockingCall' 선언을 참조하십시오.
C:\Program Files (x86)\Windows Kits\10\Include\10.0.18362.0\um\WinSock2.h(2498,1): error C2375: 'WSAAsyncGetServByName': 재정의. 연결이 다릅니다.
C:\Program Files (x86)\Windows Kits\10\Include\10.0.18362.0\um\winsock.h(890): message : 'WSAAsyncGetServByName' 선언을 참조하십시오.
C:\Program Files (x86)\Windows Kits\10\Include\10.0.18362.0\um\WinSock2.h(2526,1): error C2375: 'WSAAsyncGetServByPort': 재정의. 연결이 다릅니다.
C:\Program Files (x86)\Windows Kits\10\Include\10.0.18362.0\um\winsock.h(898): message : 'WSAAsyncGetServByPort' 선언을 참조하십시오.
C:\Program Files (x86)\Windows Kits\10\Include\10.0.18362.0\um\WinSock2.h(2554,1): error C2375: 'WSAAsyncGetProtoByName': 재정의. 연결이 다릅니다.
C:\Program Files (x86)\Windows Kits\10\Include\10.0.18362.0\um\winsock.h(906): message : 'WSAAsyncGetProtoByName' 선언을 참조하십시오.
C:\Program Files (x86)\Windows Kits\10\Include\10.0.18362.0\um\WinSock2.h(2580,1): error C2375: 'WSAAsyncGetProtoByNumber': 재정의. 연결이 다릅니다.
C:\Program Files (x86)\Windows Kits\10\Include\10.0.18362.0\um\winsock.h(913): message : 'WSAAsyncGetProtoByNumber' 선언을 참조하십시오.
C:\Program Files (x86)\Windows Kits\10\Include\10.0.18362.0\um\WinSock2.h(2606,1): error C2375: 'WSAAsyncGetHostByName': 재정의. 연결이 다릅니다.
C:\Program Files (x86)\Windows Kits\10\Include\10.0.18362.0\um\winsock.h(920): message : 'WSAAsyncGetHostByName' 선언을 참조하십시오.
C:\Program Files (x86)\Windows Kits\10\Include\10.0.18362.0\um\WinSock2.h(2632,1): error C2375: 'WSAAsyncGetHostByAddr': 재정의. 연결이 다릅니다.
C:\Program Files (x86)\Windows Kits\10\Include\10.0.18362.0\um\winsock.h(927): message : 'WSAAsyncGetHostByAddr' 선언을 참조하십시오.
C:\Program Files (x86)\Windows Kits\10\Include\10.0.18362.0\um\WinSock2.h(2662,1): error C2375: 'WSACancelAsyncRequest': 재정의. 연결이 다릅니다.
C:\Program Files (x86)\Windows Kits\10\Include\10.0.18362.0\um\winsock.h(936): message : 'WSACancelAsyncRequest' 선언을 참조하십시오.
C:\Program Files (x86)\Windows Kits\10\Include\10.0.18362.0\um\WinSock2.h(2680,1): error C2375: 'WSAAsyncSelect': 재정의. 연결이 다릅니다.
C:\Program Files (x86)\Windows Kits\10\Include\10.0.18362.0\um\winsock.h(938): message : 'WSAAsyncSelect' 선언을 참조하십시오.
C:\Program Files (x86)\Windows Kits\10\Include\10.0.18362.0\um\WinSock2.h(4206,1): error C2059: 구문 오류: '}'
C:\Program Files (x86)\Windows Kits\10\Include\10.0.18362.0\um\WinSock2.h(4206,1): error C2143: 구문 오류: ';'이(가) '}' 앞에 없습니다.
C:\Program Files (x86)\Microsoft Visual Studio\2019\Community\VC\Tools\MSVC\14.28.29333\include\vector(24,1): error C2143: 구문 오류: ';'이(가) '{' 앞에 없습니다.
C:\Program Files (x86)\Microsoft Visual Studio\2019\Community\VC\Tools\MSVC\14.28.29333\include\vector(24,1): error C2447: '{': 함수 헤더가 없습니다. 이전 스타일의 형식 목록입니까?
C:\Users\ROG\Documents\cpppp\Project-Endword\Project-Endword\CServer.h(14,10): error C2079: 'CServer::wsaData'은(는) 정의되지 않은 struct 'WSAData'을(를) 사용합니다.
C:\Users\ROG\Documents\cpppp\Project-Endword\Project-Endword\CServer.h(17,14): error C2079: 'CServer::tServerInfo'은(는) 정의되지 않은 struct 'sockaddr_in'을(를) 사용합니다.
C:\Users\ROG\Documents\cpppp\Project-Endword\Project-Endword\CServer.h(18,14): error C2079: 'CServer::tClientInfo'은(는) 정의되지 않은 struct 'sockaddr_in'을(를) 사용합니다.
  코드를 생성하고 있습니다...
C:\Users\ROG\Documents\cpppp\Project-Endword\Project-Endword\CServer.cpp(75): warning C4715: 'CServer::InitServer': 모든 제어 경로에서 값을 반환하지는 않습니다.
C:\Users\ROG\Documents\cpppp\Project-Endword\Project-Endword\CEndWord.cpp(74): warning C4715: 'CEndWord::MakeRoom': 모든 제어 경로에서 값을 반환하지는 않습니다.
C:\Users\ROG\Documents\cpppp\Project-Endword\Project-Endword\CEndWord.cpp(102): error C4716: 'CEndWord::SelectMode': 값을 반환해야 합니다.
